/Users/phamnhatlinh/time-series-query-optimization/scripts/generate_and_ingest_es.py:108: DeprecationWarning: Passing transport options in the API method is deprecated. Use 'Elasticsearch.options()' instead.
  for success, info in helpers.streaming_bulk(
Khởi tạo Index: gps-events...
Khởi tạo Index thành công!
Đang tiền tính toán phân bổ Resource (Assets/Drivers/Divisions)...
Tiến hành sinh dữ liệu yield generator...
🚀 Tiến độ: 100,000 / 10,000,000 docs | Tốc độ: 2,434 docs/sec
🚀 Tiến độ: 200,000 / 10,000,000 docs | Tốc độ: 2,198 docs/sec
🚀 Tiến độ: 300,000 / 10,000,000 docs | Tốc độ: 2,143 docs/sec
🚀 Tiến độ: 400,000 / 10,000,000 docs | Tốc độ: 2,155 docs/sec
🚀 Tiến độ: 500,000 / 10,000,000 docs | Tốc độ: 2,171 docs/sec
🚀 Tiến độ: 600,000 / 10,000,000 docs | Tốc độ: 2,221 docs/sec
🚀 Tiến độ: 700,000 / 10,000,000 docs | Tốc độ: 2,209 docs/sec
🚀 Tiến độ: 800,000 / 10,000,000 docs | Tốc độ: 2,179 docs/sec
🚀 Tiến độ: 900,000 / 10,000,000 docs | Tốc độ: 2,185 docs/sec
🚀 Tiến độ: 1,000,000 / 10,000,000 docs | Tốc độ: 2,174 docs/sec
🚀 Tiến độ: 1,100,000 / 10,000,000 docs | Tốc độ: 2,169 docs/sec
🚀 Tiến độ: 1,200,000 / 10,000,000 docs | Tốc độ: 2,107 docs/sec
🚀 Tiến độ: 1,300,000 / 10,000,000 docs | Tốc độ: 2,056 docs/sec
🚀 Tiến độ: 1,400,000 / 10,000,000 docs | Tốc độ: 2,064 docs/sec
🚀 Tiến độ: 1,500,000 / 10,000,000 docs | Tốc độ: 2,089 docs/sec
🚀 Tiến độ: 1,600,000 / 10,000,000 docs | Tốc độ: 2,092 docs/sec
🚀 Tiến độ: 1,700,000 / 10,000,000 docs | Tốc độ: 2,090 docs/sec
🚀 Tiến độ: 1,800,000 / 10,000,000 docs | Tốc độ: 2,108 docs/sec
🚀 Tiến độ: 1,900,000 / 10,000,000 docs | Tốc độ: 2,078 docs/sec
🚀 Tiến độ: 2,000,000 / 10,000,000 docs | Tốc độ: 2,087 docs/sec
🚀 Tiến độ: 2,100,000 / 10,000,000 docs | Tốc độ: 2,078 docs/sec
🚀 Tiến độ: 2,200,000 / 10,000,000 docs | Tốc độ: 2,081 docs/sec
🚀 Tiến độ: 2,300,000 / 10,000,000 docs | Tốc độ: 2,073 docs/sec
🚀 Tiến độ: 2,400,000 / 10,000,000 docs | Tốc độ: 2,073 docs/sec
🚀 Tiến độ: 2,500,000 / 10,000,000 docs | Tốc độ: 2,076 docs/sec
🚀 Tiến độ: 2,600,000 / 10,000,000 docs | Tốc độ: 2,070 docs/sec
🚀 Tiến độ: 2,700,000 / 10,000,000 docs | Tốc độ: 2,075 docs/sec
🚀 Tiến độ: 2,800,000 / 10,000,000 docs | Tốc độ: 2,066 docs/sec
🚀 Tiến độ: 2,900,000 / 10,000,000 docs | Tốc độ: 2,042 docs/sec
🚀 Tiến độ: 3,000,000 / 10,000,000 docs | Tốc độ: 2,029 docs/sec
🚀 Tiến độ: 3,100,000 / 10,000,000 docs | Tốc độ: 2,041 docs/sec
🚀 Tiến độ: 3,200,000 / 10,000,000 docs | Tốc độ: 2,049 docs/sec
🚀 Tiến độ: 3,300,000 / 10,000,000 docs | Tốc độ: 2,038 docs/sec
🚀 Tiến độ: 3,400,000 / 10,000,000 docs | Tốc độ: 2,021 docs/sec
🚀 Tiến độ: 3,500,000 / 10,000,000 docs | Tốc độ: 2,016 docs/sec
🚀 Tiến độ: 3,600,000 / 10,000,000 docs | Tốc độ: 1,998 docs/sec
🚀 Tiến độ: 3,700,000 / 10,000,000 docs | Tốc độ: 2,001 docs/sec
🚀 Tiến độ: 3,800,000 / 10,000,000 docs | Tốc độ: 1,999 docs/sec
🚀 Tiến độ: 3,900,000 / 10,000,000 docs | Tốc độ: 2,005 docs/sec
🚀 Tiến độ: 4,000,000 / 10,000,000 docs | Tốc độ: 2,003 docs/sec
🚀 Tiến độ: 4,100,000 / 10,000,000 docs | Tốc độ: 2,011 docs/sec
🚀 Tiến độ: 4,200,000 / 10,000,000 docs | Tốc độ: 2,011 docs/sec
🚀 Tiến độ: 4,300,000 / 10,000,000 docs | Tốc độ: 2,012 docs/sec
🚀 Tiến độ: 4,400,000 / 10,000,000 docs | Tốc độ: 1,998 docs/sec
🚀 Tiến độ: 4,500,000 / 10,000,000 docs | Tốc độ: 1,994 docs/sec
🚀 Tiến độ: 4,600,000 / 10,000,000 docs | Tốc độ: 1,973 docs/sec
🚀 Tiến độ: 4,700,000 / 10,000,000 docs | Tốc độ: 1,967 docs/sec
🚀 Tiến độ: 4,800,000 / 10,000,000 docs | Tốc độ: 1,958 docs/sec
🚀 Tiến độ: 4,900,000 / 10,000,000 docs | Tốc độ: 1,947 docs/sec
🚀 Tiến độ: 5,000,000 / 10,000,000 docs | Tốc độ: 1,947 docs/sec
🚀 Tiến độ: 5,100,000 / 10,000,000 docs | Tốc độ: 1,951 docs/sec
🚀 Tiến độ: 5,200,000 / 10,000,000 docs | Tốc độ: 1,954 docs/sec
🚀 Tiến độ: 5,300,000 / 10,000,000 docs | Tốc độ: 1,960 docs/sec
🚀 Tiến độ: 5,400,000 / 10,000,000 docs | Tốc độ: 1,969 docs/sec
🚀 Tiến độ: 5,500,000 / 10,000,000 docs | Tốc độ: 1,965 docs/sec
🚀 Tiến độ: 5,600,000 / 10,000,000 docs | Tốc độ: 1,966 docs/sec
🚀 Tiến độ: 5,700,000 / 10,000,000 docs | Tốc độ: 1,973 docs/sec
🚀 Tiến độ: 5,800,000 / 10,000,000 docs | Tốc độ: 1,980 docs/sec
🚀 Tiến độ: 5,900,000 / 10,000,000 docs | Tốc độ: 1,975 docs/sec
🚀 Tiến độ: 6,000,000 / 10,000,000 docs | Tốc độ: 1,978 docs/sec
🚀 Tiến độ: 6,100,000 / 10,000,000 docs | Tốc độ: 1,981 docs/sec
🚀 Tiến độ: 6,200,000 / 10,000,000 docs | Tốc độ: 1,986 docs/sec
🚀 Tiến độ: 6,300,000 / 10,000,000 docs | Tốc độ: 1,989 docs/sec
🚀 Tiến độ: 6,400,000 / 10,000,000 docs | Tốc độ: 1,994 docs/sec
🚀 Tiến độ: 6,500,000 / 10,000,000 docs | Tốc độ: 1,994 docs/sec
🚀 Tiến độ: 6,600,000 / 10,000,000 docs | Tốc độ: 1,995 docs/sec
🚀 Tiến độ: 6,700,000 / 10,000,000 docs | Tốc độ: 1,984 docs/sec
🚀 Tiến độ: 6,800,000 / 10,000,000 docs | Tốc độ: 1,991 docs/sec
🚀 Tiến độ: 6,900,000 / 10,000,000 docs | Tốc độ: 1,991 docs/sec
🚀 Tiến độ: 7,000,000 / 10,000,000 docs | Tốc độ: 1,992 docs/sec
🚀 Tiến độ: 7,100,000 / 10,000,000 docs | Tốc độ: 1,991 docs/sec
🚀 Tiến độ: 7,200,000 / 10,000,000 docs | Tốc độ: 1,993 docs/sec
🚀 Tiến độ: 7,300,000 / 10,000,000 docs | Tốc độ: 1,997 docs/sec
🚀 Tiến độ: 7,400,000 / 10,000,000 docs | Tốc độ: 1,999 docs/sec
🚀 Tiến độ: 7,500,000 / 10,000,000 docs | Tốc độ: 2,005 docs/sec
🚀 Tiến độ: 7,600,000 / 10,000,000 docs | Tốc độ: 2,010 docs/sec
🚀 Tiến độ: 7,700,000 / 10,000,000 docs | Tốc độ: 2,012 docs/sec
🚀 Tiến độ: 7,800,000 / 10,000,000 docs | Tốc độ: 2,017 docs/sec
🚀 Tiến độ: 7,900,000 / 10,000,000 docs | Tốc độ: 2,011 docs/sec
🚀 Tiến độ: 8,000,000 / 10,000,000 docs | Tốc độ: 2,012 docs/sec
🚀 Tiến độ: 8,100,000 / 10,000,000 docs | Tốc độ: 2,013 docs/sec
🚀 Tiến độ: 8,200,000 / 10,000,000 docs | Tốc độ: 2,016 docs/sec
🚀 Tiến độ: 8,300,000 / 10,000,000 docs | Tốc độ: 2,012 docs/sec
🚀 Tiến độ: 8,400,000 / 10,000,000 docs | Tốc độ: 2,014 docs/sec
🚀 Tiến độ: 8,500,000 / 10,000,000 docs | Tốc độ: 2,013 docs/sec
🚀 Tiến độ: 8,600,000 / 10,000,000 docs | Tốc độ: 2,016 docs/sec
🚀 Tiến độ: 8,700,000 / 10,000,000 docs | Tốc độ: 2,016 docs/sec
🚀 Tiến độ: 8,800,000 / 10,000,000 docs | Tốc độ: 2,018 docs/sec
🚀 Tiến độ: 8,900,000 / 10,000,000 docs | Tốc độ: 2,019 docs/sec
🚀 Tiến độ: 9,000,000 / 10,000,000 docs | Tốc độ: 2,023 docs/sec
🚀 Tiến độ: 9,100,000 / 10,000,000 docs | Tốc độ: 2,021 docs/sec
🚀 Tiến độ: 9,200,000 / 10,000,000 docs | Tốc độ: 1,991 docs/sec
🚀 Tiến độ: 9,300,000 / 10,000,000 docs | Tốc độ: 1,987 docs/sec
🚀 Tiến độ: 9,400,000 / 10,000,000 docs | Tốc độ: 1,987 docs/sec
🚀 Tiến độ: 9,500,000 / 10,000,000 docs | Tốc độ: 1,984 docs/sec
🚀 Tiến độ: 9,600,000 / 10,000,000 docs | Tốc độ: 1,988 docs/sec
🚀 Tiến độ: 9,700,000 / 10,000,000 docs | Tốc độ: 1,979 docs/sec
🚀 Tiến độ: 9,800,000 / 10,000,000 docs | Tốc độ: 1,981 docs/sec
🚀 Tiến độ: 9,900,000 / 10,000,000 docs | Tốc độ: 1,986 docs/sec
🚀 Tiến độ: 10,000,000 / 10,000,000 docs | Tốc độ: 1,986 docs/sec

✅ HOÀN THÀNH: Bơm 10,000,000 docs trong 5035.36 giây!
